Determining if the Q_WS_WIN exist failed with the following output:
Change Dir: /home/zheng/Gits/my_github/test/qt_test/build/CMakeFiles/CMakeTmp

Run Build Command:/usr/bin/make "cmTryCompileExec2578489009/fast"
/usr/bin/make -f CMakeFiles/cmTryCompileExec2578489009.dir/build.make CMakeFiles/cmTryCompileExec2578489009.dir/build
make[1]: Entering directory `/home/zheng/Gits/my_github/test/qt_test/build/CMakeFiles/CMakeTmp'
/usr/bin/cmake -E cmake_progress_report /home/zheng/Gits/my_github/test/qt_test/build/CMakeFiles/CMakeTmp/CMakeFiles 1
Building CXX object CMakeFiles/cmTryCompileExec2578489009.dir/CheckSymbolExists.cxx.o
/usr/bin/c++    -I/usr/include/qt4    -o CMakeFiles/cmTryCompileExec2578489009.dir/CheckSymbolExists.cxx.o -c /home/zheng/Gits/my_github/test/qt_test/build/CMakeFiles/CMakeTmp/CheckSymbolExists.cxx
/home/zheng/Gits/my_github/test/qt_test/build/CMakeFiles/CMakeTmp/CheckSymbolExists.cxx: In function ‘int main(int, char**)’:
/home/zheng/Gits/my_github/test/qt_test/build/CMakeFiles/CMakeTmp/CheckSymbolExists.cxx:8:19: error: ‘Q_WS_WIN’ was not declared in this scope
   return ((int*)(&Q_WS_WIN))[argc];
                   ^
make[1]: Leaving directory `/home/zheng/Gits/my_github/test/qt_test/build/CMakeFiles/CMakeTmp'
make[1]: *** [CMakeFiles/cmTryCompileExec2578489009.dir/CheckSymbolExists.cxx.o] Error 1
make: *** [cmTryCompileExec2578489009/fast] Error 2

File /home/zheng/Gits/my_github/test/qt_test/build/CMakeFiles/CMakeTmp/CheckSymbolExists.cxx:
/* */
#include <QtCore/qglobal.h>

int main(int argc, char** argv)
{
  (void)argv;
#ifndef Q_WS_WIN
  return ((int*)(&Q_WS_WIN))[argc];
#else
  (void)argc;
  return 0;
#endif
}

Determining if the Q_WS_QWS exist failed with the following output:
Change Dir: /home/zheng/Gits/my_github/test/qt_test/build/CMakeFiles/CMakeTmp

Run Build Command:/usr/bin/make "cmTryCompileExec1142518792/fast"
/usr/bin/make -f CMakeFiles/cmTryCompileExec1142518792.dir/build.make CMakeFiles/cmTryCompileExec1142518792.dir/build
make[1]: Entering directory `/home/zheng/Gits/my_github/test/qt_test/build/CMakeFiles/CMakeTmp'
/usr/bin/cmake -E cmake_progress_report /home/zheng/Gits/my_github/test/qt_test/build/CMakeFiles/CMakeTmp/CMakeFiles 1
Building CXX object CMakeFiles/cmTryCompileExec1142518792.dir/CheckSymbolExists.cxx.o
/usr/bin/c++    -I/usr/include/qt4    -o CMakeFiles/cmTryCompileExec1142518792.dir/CheckSymbolExists.cxx.o -c /home/zheng/Gits/my_github/test/qt_test/build/CMakeFiles/CMakeTmp/CheckSymbolExists.cxx
/home/zheng/Gits/my_github/test/qt_test/build/CMakeFiles/CMakeTmp/CheckSymbolExists.cxx: In function ‘int main(int, char**)’:
/home/zheng/Gits/my_github/test/qt_test/build/CMakeFiles/CMakeTmp/CheckSymbolExists.cxx:8:19: error: ‘Q_WS_QWS’ was not declared in this scope
   return ((int*)(&Q_WS_QWS))[argc];
                   ^
make[1]: Leaving directory `/home/zheng/Gits/my_github/test/qt_test/build/CMakeFiles/CMakeTmp'
make[1]: *** [CMakeFiles/cmTryCompileExec1142518792.dir/CheckSymbolExists.cxx.o] Error 1
make: *** [cmTryCompileExec1142518792/fast] Error 2

File /home/zheng/Gits/my_github/test/qt_test/build/CMakeFiles/CMakeTmp/CheckSymbolExists.cxx:
/* */
#include <QtCore/qglobal.h>

int main(int argc, char** argv)
{
  (void)argv;
#ifndef Q_WS_QWS
  return ((int*)(&Q_WS_QWS))[argc];
#else
  (void)argc;
  return 0;
#endif
}

Determining if the Q_WS_MAC exist failed with the following output:
Change Dir: /home/zheng/Gits/my_github/test/qt_test/build/CMakeFiles/CMakeTmp

Run Build Command:/usr/bin/make "cmTryCompileExec2938896411/fast"
/usr/bin/make -f CMakeFiles/cmTryCompileExec2938896411.dir/build.make CMakeFiles/cmTryCompileExec2938896411.dir/build
make[1]: Entering directory `/home/zheng/Gits/my_github/test/qt_test/build/CMakeFiles/CMakeTmp'
/usr/bin/cmake -E cmake_progress_report /home/zheng/Gits/my_github/test/qt_test/build/CMakeFiles/CMakeTmp/CMakeFiles 1
Building CXX object CMakeFiles/cmTryCompileExec2938896411.dir/CheckSymbolExists.cxx.o
/usr/bin/c++    -I/usr/include/qt4    -o CMakeFiles/cmTryCompileExec2938896411.dir/CheckSymbolExists.cxx.o -c /home/zheng/Gits/my_github/test/qt_test/build/CMakeFiles/CMakeTmp/CheckSymbolExists.cxx
/home/zheng/Gits/my_github/test/qt_test/build/CMakeFiles/CMakeTmp/CheckSymbolExists.cxx: In function ‘int main(int, char**)’:
/home/zheng/Gits/my_github/test/qt_test/build/CMakeFiles/CMakeTmp/CheckSymbolExists.cxx:8:19: error: ‘Q_WS_MAC’ was not declared in this scope
   return ((int*)(&Q_WS_MAC))[argc];
                   ^
make[1]: Leaving directory `/home/zheng/Gits/my_github/test/qt_test/build/CMakeFiles/CMakeTmp'
make[1]: *** [CMakeFiles/cmTryCompileExec2938896411.dir/CheckSymbolExists.cxx.o] Error 1
make: *** [cmTryCompileExec2938896411/fast] Error 2

File /home/zheng/Gits/my_github/test/qt_test/build/CMakeFiles/CMakeTmp/CheckSymbolExists.cxx:
/* */
#include <QtCore/qglobal.h>

int main(int argc, char** argv)
{
  (void)argv;
#ifndef Q_WS_MAC
  return ((int*)(&Q_WS_MAC))[argc];
#else
  (void)argc;
  return 0;
#endif
}

